<?xml version="1.0" encoding="UTF-8"?>
<!-- Generated by org.testng.reporters.JUnitReportReporter -->
<testsuite hostname="RamyaGunja" failures="0" tests="2" name="Selenium.FirstClass" time="19.438" errors="0" timestamp="13 Mar 2024 08:52:43 GMT" skipped="0">
  <testcase classname="Selenium.FirstClass" name="TestFaceBook" time="9.977"/>
  <testcase classname="Selenium.FirstClass" name="TestGoogle" time="9.461"/>
</testsuite> <!-- Selenium.FirstClass -->
